<?xml version="1.0" encoding="UTF-8"?>
<testng-results ignored="0" total="1" passed="1" failed="0" skipped="0">
  <reporter-output>
  </reporter-output>
  <suite started-at="2022-02-19T13:24:12 MEZ" name="helloworld_melek.TestHelloWorld" finished-at="2022-02-19T13:24:12 MEZ" duration-ms="39">
    <groups>
    </groups>
    <test started-at="2022-02-19T13:24:12 MEZ" name="Command line test" finished-at="2022-02-19T13:24:12 MEZ" duration-ms="39">
      <class name="helloworld_melek.TestHelloWorld">
        <test-method signature="testHelloWorld()[pri:0, instance:helloworld_melek.TestHelloWorld@4d3167f4]" started-at="2022-02-19T13:24:12 MEZ" name="testHelloWorld" finished-at="2022-02-19T13:24:12 MEZ" duration-ms="5" status="PASS">
          <reporter-output>
          </reporter-output>
        </test-method> <!-- testHelloWorld -->
      </class> <!-- helloworld_melek.TestHelloWorld -->
    </test> <!-- Command line test -->
  </suite> <!-- helloworld_melek.TestHelloWorld -->
</testng-results>
